2025-07-30 11:23:21 - Verification code for mamchandna@gmail.com: 593450
2025-07-30 11:24:45 - Verification code for mamchandna@gmail.com: 856061
2025-07-30 11:34:52 - Verification code for riyachandna28@gmail.com: 461751
2025-07-30 11:35:10 - Verification code for riyachandna28@gmail.com: 189374
2025-07-30 11:35:25 - Verification code for riyachandna28@gmail.com: 801908
2025-07-30 11:40:04 - Verification code for riyachandna28@gmail.com: 171159
2025-07-30 11:43:29 - Verification code for riyachandna2005@gmail.com: 947130
2025-07-30 11:44:09 - Verification code for riyachandna2005@gmail.com: 347493
2025-07-30 11:44:26 - Verification code for riyachandna2005@gmail.com: 672303
2025-07-30 11:50:55 - Verification code for riyachandna2005@gmail.com: 502813
2025-07-30 11:51:17 - Verification code for riyachandna2005@gmail.com: 556142
2025-07-30 11:53:43 - Verification code for riyachandna2005@gmail.com: 905981
2025-07-30 12:10:49 - Verification code for riyachandna2005@gmail.com: 253535
2025-07-30 12:19:21 - Verification code for riyachandna2005@gmail.com: 431512
2025-07-30 12:24:10 - Verification code for riyachandna2005@gmail.com: 617906
2025-07-30 12:33:41 - Verification code for riyachandna2005@gmail.com: 900150
2025-07-30 12:37:50 - Verification code for riyachandna2005@gmail.com: 954905
2025-07-30 12:43:35 - Verification code for riyachandna2005@gmail.com: 655939
2025-07-30 12:50:55 - Verification code for riyachandna2005@gmail.com: 882628
2025-07-30 13:13:33 - Verification code for riyachandna2005@gmail.com: 872448
2025-07-31 00:29:49 - Admin verification code for admin@pearlvista.com: 997496
2025-07-31 00:31:05 - Admin verification code for admin@pearlvista.com: 695922
2025-07-31 00:47:52 - Admin verification code for admin@pearlvista.com: 598593
2025-07-31 00:51:43 - Admin verification code for admin@pearlvista.com: 376488
2025-07-31 00:54:16 - Admin verification code for admin@pearlvista.com: 561124
2025-07-31 01:00:20 - Verification code for riyachandna2005@gmail.com: 480469
2025-07-31 01:35:57 - Verification code for riyachandna2005@gmail.com: 406808
2025-07-31 01:41:07 - Verification code for riyachandna2005@gmail.com: 788272
2025-07-31 01:43:59 - Verification code for mamchandna@gmail.com: 655082
2025-07-31 01:47:46 - Verification code for riyachandna2005@gmail.com: 702136
2025-07-31 01:53:00 - Verification code for riyachandna2005@gmail.com: 598424
2025-07-31 02:01:44 - Verification code for chandna1970@gmail.com: 696527
2025-07-31 02:13:59 - Verification code for chandna1971@gmail.com: 137287
2025-07-31 02:17:49 - Verification code for chandna1980@gmail.com: 999989
2025-07-31 09:13:33 - Verification code for riyachandna28@gmail.com: 482955
2025-07-31 11:11:06 - Verification code for moniya@gmail.com: 368530
2025-07-31 12:44:09 - Verification code for abc@gmail.com: 859645
2025-07-31 13:54:28 - Verification code for murshid@gmail.com: 484231
2025-08-01 07:47:30 - Verification code for karan@gmail.com: 338258
2025-08-01 08:11:46 - Verification code for megha@gmail.com: 819037
2025-08-01 08:22:51 - Verification code for neha@gmail.com: 328086
2025-08-01 08:56:16 - Verification code for punit@gmail.com: 148581
2025-08-01 10:29:30 - Verification code for tara@gmail.com: 595811
